<?xml version="1.0" encoding="UTF-8"?>
<!-- Generated by org.testng.reporters.JUnitReportReporter -->
<testsuite skipped="0" hostname="DESKTOP-JSUD243" name="testNg.LoginToGmail" tests="1" failures="0" timestamp="13 Dec 2018 16:39:57 GMT" time="24.300" errors="0">
  <testcase name="login" time="24.300" classname="testNg.LoginToGmail"/>
</testsuite> <!-- testNg.LoginToGmail -->
