<?xml version="1.0" encoding="UTF-8"?>
<!-- Generated by org.testng.reporters.JUnitReportReporter -->
<testsuite skipped="0" hostname="DESKTOP-JSUD243" name="testNg.ActiTime" tests="6" failures="0" timestamp="13 Dec 2018 13:29:37 GMT" time="0.015" errors="0">
  <testcase name="createUser" time="0.009" classname="testNg.ActiTime"/>
  <testcase name="editUser" time="0.001" classname="testNg.ActiTime"/>
  <testcase name="deleteUser" time="0.001" classname="testNg.ActiTime"/>
  <testcase name="Task" time="0.001" classname="testNg.ActiTime"/>
  <testcase name="Task" time="0.001" classname="testNg.ActiTime"/>
  <testcase name="Task" time="0.002" classname="testNg.ActiTime"/>
</testsuite> <!-- testNg.ActiTime -->
