<?xml version="1.0" encoding="UTF-8"?>
<!-- Generated by org.testng.reporters.JUnitReportReporter -->
<testsuite skipped="0" hostname="DESKTOP-JSUD243" name="testNg.GroupDemo" tests="7" failures="0" timestamp="13 Dec 2018 15:41:52 GMT" time="0.013" errors="0">
  <testcase name="LogTime" time="0.001" classname="testNg.GroupDemo"/>
  <testcase name="editUser" time="0.004" classname="testNg.GroupDemo"/>
  <testcase name="createUser" time="0.001" classname="testNg.GroupDemo"/>
  <testcase name="createTask" time="0.002" classname="testNg.GroupDemo"/>
  <testcase name="editTask" time="0.001" classname="testNg.GroupDemo"/>
  <testcase name="deleteTask" time="0.002" classname="testNg.GroupDemo"/>
  <testcase name="deleteUser" time="0.002" classname="testNg.GroupDemo"/>
</testsuite> <!-- testNg.GroupDemo -->
