<?xml version="1.0" encoding="UTF-8"?>
<!-- Generated by org.testng.reporters.JUnitReportReporter -->
<testsuite skipped="0" hostname="DESKTOP-JSUD243" name="testNg.Annotationdemo" tests="1" failures="0" timestamp="13 Dec 2018 12:48:51 GMT" time="0.009" errors="0">
  <testcase name="testMethod" time="0.009" classname="testNg.Annotationdemo"/>
</testsuite> <!-- testNg.Annotationdemo -->
