<?xml version="1.0" encoding="UTF-8"?>
<!-- Generated by org.testng.reporters.JUnitReportReporter -->
<testsuite skipped="0" hostname="DESKTOP-JSUD243" name="testNg.Dependency" tests="4" failures="0" timestamp="13 Dec 2018 15:35:14 GMT" time="0.027" errors="0">
  <testcase name="createUser" time="0.020" classname="testNg.Dependency"/>
  <testcase name="editUser" time="0.002" classname="testNg.Dependency"/>
  <testcase name="Task" time="0.002" classname="testNg.Dependency"/>
  <testcase name="deleteUser" time="0.003" classname="testNg.Dependency"/>
</testsuite> <!-- testNg.Dependency -->
