<?xml version="1.0" encoding="UTF-8"?>
<!-- Generated by org.testng.reporters.JUnitReportReporter -->
<testsuite skipped="0" hostname="DESKTOP-JSUD243" name="testNg.DependencyGroup" tests="2" failures="0" timestamp="13 Dec 2018 15:45:36 GMT" time="0.011" errors="0">
  <testcase name="LogTime" time="0.001" classname="testNg.DependencyGroup"/>
  <testcase name="createUser" time="0.010" classname="testNg.DependencyGroup"/>
</testsuite> <!-- testNg.DependencyGroup -->
