<?xml version="1.0" encoding="UTF-8"?>
<!-- Generated by org.testng.reporters.JUnitReportReporter -->
<testsuite skipped="0" hostname="DESKTOP-JSUD243" name="Encapsulation.POMTestScript" tests="1" failures="0" timestamp="19 Dec 2018 14:31:22 GMT" time="21.965" errors="0">
  <testcase name="loginpage" time="21.965" classname="Encapsulation.POMTestScript"/>
</testsuite> <!-- Encapsulation.POMTestScript -->
