<?xml version="1.0" encoding="UTF-8"?>
<!-- Generated by org.testng.reporters.JUnitReportReporter -->
<testsuite skipped="1" hostname="DESKTOP-JSUD243" name="testNg.EnableDisable" tests="3" failures="0" timestamp="13 Dec 2018 15:48:36 GMT" time="0.010" errors="0">
  <testcase name="createUser" time="0.009" classname="testNg.EnableDisable"/>
  <testcase name="editUser" time="0.001" classname="testNg.EnableDisable"/>
  <testcase name="deleteUser" classname="testNg.EnableDisable">
    <skipped/>
  </testcase> <!-- deleteUser -->
</testsuite> <!-- testNg.EnableDisable -->
