<?xml version="1.0" encoding="UTF-8"?>
<!-- Generated by org.testng.reporters.JUnitReportReporter -->
<testsuite skipped="0" hostname="DESKTOP-JSUD243" name="testNg.Demo1" tests="1" failures="0" timestamp="13 Dec 2018 12:48:51 GMT" time="0.004" errors="0">
  <testcase name="demoMethod" time="0.004" classname="testNg.Demo1"/>
</testsuite> <!-- testNg.Demo1 -->
